<?xml version="1.0" encoding="UTF-8"?>
<Site BuildName="(empty)"
	BuildStamp="20250124-1705-Experimental"
	Name="TRIDENT-2"
	Generator="ctest-3.22.1"
	CompilerName="/usr/bin/c++"
	CompilerVersion="11.4.0"
	OSName="Linux"
	Hostname="TRIDENT-2"
	OSRelease="6.8.0-51-generic"
	OSVersion="#52~22.04.1-Ubuntu SMP PREEMPT_DYNAMIC Mon Dec  9 15:00:52 UTC 2"
	OSPlatform="x86_64"
	Is64Bits="1"
	VendorString="GenuineIntel"
	VendorID="Intel Corporation"
	FamilyID="6"
	ModelID="183"
	ProcessorCacheSize="33792"
	NumberOfLogicalCPU="28"
	NumberOfPhysicalCPU="20"
	TotalVirtualMemory="4545"
	TotalPhysicalMemory="31814"
	LogicalProcessorsPerPhysical="1"
	ProcessorClockFrequency="2047.28"
	>
	<Testing>
		<StartDateTime>Jan 24 18:05 CET</StartDateTime>
		<StartTestTime>1737738334</StartTestTime>
		<TestList/>
		<EndDateTime>Jan 24 18:05 CET</EndDateTime>
		<EndTestTime>1737738334</EndTestTime>
		<ElapsedMinutes>0</ElapsedMinutes>
	</Testing>
</Site>
